<?xml version="1.0" encoding="UTF-8"?>
<!-- Generated by org.testng.reporters.JUnitReportReporter -->
<testsuite skipped="0" hostname="DESKTOP-PJ5JRQT" name="com.data.test.DemoRegisterForm" tests="1" failures="0" timestamp="15 Nov 2022 04:06:51 GMT" time="10.630" errors="0">
  <testcase name="register" time="10.630" classname="com.data.test.DemoRegisterForm"/>
</testsuite> <!-- com.data.test.DemoRegisterForm -->
